2015-12-16 10:13:03,106  INFO{main:com.sh.srv.NewWebSiteParser}-共需要爬取：32条记录！！
2015-12-16 10:13:05,879  INFO{main:com.sh.srv.NewWebSiteParser}-更新webRecords
2015-12-16 10:13:05,921 ERROR{main:com.sh.srv.NewWebSiteParser}-更新webRecordStatus出错
2015-12-16 10:14:05,317  INFO{main:com.sh.srv.NewWebSiteParser}-共需要爬取：32条记录！！
2015-12-16 10:14:09,552  INFO{main:com.sh.srv.NewWebSiteParser}-更新webRecords
2015-12-16 10:14:09,596 ERROR{main:com.sh.srv.NewWebSiteParser}-更新webRecordStatus出错!
org.apache.ibatis.exceptions.PersistenceException: 
### Error updating database.  Cause: com.mysql.jdbc.exceptions.jdbc4.MySQLSyntaxErrorException: Unknown column 'id' in 'where clause'
### The error may involve com.sh.mapper.WebRecordMapper.updateWebRecordList-Inline
### The error occurred while setting parameters
### SQL: update t_web_record set status = 1 where id in    (      ?    ,     ?    ,     ?    ,     ?    ,     ?    ,     ?    ,     ?    ,     ?    ,     ?    ,     ?    ,     ?    ,     ?    ,     ?    ,     ?    ,     ?    ,     ?    ,     ?    ,     ?    ,     ?    ,     ?    ,     ?    ,     ?    ,     ?    ,     ?    ,     ?    ,     ?    ,     ?    ,     ?    ,     ?    ,     ?    ,     ?    ,     ?    )
### Cause: com.mysql.jdbc.exceptions.jdbc4.MySQLSyntaxErrorException: Unknown column 'id' in 'where clause'
	at org.apache.ibatis.exceptions.ExceptionFactory.wrapException(ExceptionFactory.java:26)
	at org.apache.ibatis.session.defaults.DefaultSqlSession.update(DefaultSqlSession.java:154)
	at org.apache.ibatis.binding.MapperMethod.execute(MapperMethod.java:54)
	at org.apache.ibatis.binding.MapperProxy.invoke(MapperProxy.java:52)
	at com.sun.proxy.$Proxy0.updateWebRecordList(Unknown Source)
	at com.sh.srv.WebRecordDetailParser.updateWebRecordListStatus(WebRecordDetailParser.java:82)
	at com.sh.srv.WebRecordDetailParser.parserWebRecordDetail(WebRecordDetailParser.java:71)
	at com.sh.srv.WebRecordDetailParser.main(WebRecordDetailParser.java:161)
Caused by: com.mysql.jdbc.exceptions.jdbc4.MySQLSyntaxErrorException: Unknown column 'id' in 'where clause'
	at sun.reflect.NativeConstructorAccessorImpl.newInstance0(Native Method)
	at sun.reflect.NativeConstructorAccessorImpl.newInstance(NativeConstructorAccessorImpl.java:62)
	at sun.reflect.DelegatingConstructorAccessorImpl.newInstance(DelegatingConstructorAccessorImpl.java:45)
	at java.lang.reflect.Constructor.newInstance(Constructor.java:422)
	at com.mysql.jdbc.Util.handleNewInstance(Util.java:389)
	at com.mysql.jdbc.Util.getInstance(Util.java:372)
	at com.mysql.jdbc.SQLError.createSQLException(SQLError.java:980)
	at com.mysql.jdbc.MysqlIO.checkErrorPacket(MysqlIO.java:3835)
	at com.mysql.jdbc.MysqlIO.checkErrorPacket(MysqlIO.java:3771)
	at com.mysql.jdbc.MysqlIO.sendCommand(MysqlIO.java:2435)
	at com.mysql.jdbc.MysqlIO.sqlQueryDirect(MysqlIO.java:2582)
	at com.mysql.jdbc.ConnectionImpl.execSQL(ConnectionImpl.java:2535)
	at com.mysql.jdbc.PreparedStatement.executeInternal(PreparedStatement.java:1911)
	at com.mysql.jdbc.PreparedStatement.execute(PreparedStatement.java:1203)
	at org.apache.ibatis.executor.statement.PreparedStatementHandler.update(PreparedStatementHandler.java:44)
	at org.apache.ibatis.executor.statement.RoutingStatementHandler.update(RoutingStatementHandler.java:69)
	at org.apache.ibatis.executor.SimpleExecutor.doUpdate(SimpleExecutor.java:48)
	at org.apache.ibatis.executor.BaseExecutor.update(BaseExecutor.java:105)
	at org.apache.ibatis.executor.CachingExecutor.update(CachingExecutor.java:71)
	at org.apache.ibatis.session.defaults.DefaultSqlSession.update(DefaultSqlSession.java:152)
	... 6 more
2015-12-16 10:18:27,977  INFO{main:com.sh.srv.NewWebSiteParser}-共需要爬取：32条记录！！
2015-12-16 10:18:28,186  INFO{main:com.sh.srv.NewWebSiteParser}-内容查询语句为：p[class=describe]
2015-12-16 10:18:28,192  INFO{main:com.sh.srv.NewWebSiteParser}-内容查询语句为：div[class=article-content][fontSizeBig]
2015-12-16 10:18:28,297  INFO{main:com.sh.srv.NewWebSiteParser}-内容查询语句为：p[class=describe]
2015-12-16 10:18:28,298  INFO{main:com.sh.srv.NewWebSiteParser}-内容查询语句为：div[class=article-content][fontSizeBig]
2015-12-16 10:18:28,386  INFO{main:com.sh.srv.NewWebSiteParser}-内容查询语句为：p[class=describe]
2015-12-16 10:18:28,392  INFO{main:com.sh.srv.NewWebSiteParser}-内容查询语句为：div[class=article-content][fontSizeBig]
2015-12-16 10:18:28,471  INFO{main:com.sh.srv.NewWebSiteParser}-内容查询语句为：p[class=describe]
2015-12-16 10:18:28,471  INFO{main:com.sh.srv.NewWebSiteParser}-内容查询语句为：div[class=article-content][fontSizeBig]
2015-12-16 10:18:28,569  INFO{main:com.sh.srv.NewWebSiteParser}-内容查询语句为：p[class=describe]
2015-12-16 10:18:28,571  INFO{main:com.sh.srv.NewWebSiteParser}-内容查询语句为：div[class=article-content][fontSizeBig]
2015-12-16 10:18:28,655  INFO{main:com.sh.srv.NewWebSiteParser}-内容查询语句为：p[class=describe]
2015-12-16 10:18:28,656  INFO{main:com.sh.srv.NewWebSiteParser}-内容查询语句为：div[class=article-content][fontSizeBig]
2015-12-16 10:18:28,729  INFO{main:com.sh.srv.NewWebSiteParser}-内容查询语句为：p[class=describe]
2015-12-16 10:18:28,729  INFO{main:com.sh.srv.NewWebSiteParser}-内容查询语句为：div[class=article-content][fontSizeBig]
2015-12-16 10:18:28,803  INFO{main:com.sh.srv.NewWebSiteParser}-内容查询语句为：p[class=describe]
2015-12-16 10:18:28,804  INFO{main:com.sh.srv.NewWebSiteParser}-内容查询语句为：div[class=article-content][fontSizeBig]
2015-12-16 10:18:28,872  INFO{main:com.sh.srv.NewWebSiteParser}-内容查询语句为：p[class=describe]
2015-12-16 10:18:28,872  INFO{main:com.sh.srv.NewWebSiteParser}-内容查询语句为：div[class=article-content][fontSizeBig]
2015-12-16 10:18:28,954  INFO{main:com.sh.srv.NewWebSiteParser}-内容查询语句为：p[class=describe]
2015-12-16 10:18:28,954  INFO{main:com.sh.srv.NewWebSiteParser}-内容查询语句为：div[class=article-content][fontSizeBig]
2015-12-16 10:18:29,037  INFO{main:com.sh.srv.NewWebSiteParser}-内容查询语句为：p[class=describe]
2015-12-16 10:18:29,038  INFO{main:com.sh.srv.NewWebSiteParser}-内容查询语句为：div[class=article-content][fontSizeBig]
2015-12-16 10:18:29,124  INFO{main:com.sh.srv.NewWebSiteParser}-内容查询语句为：p[class=describe]
2015-12-16 10:18:29,124  INFO{main:com.sh.srv.NewWebSiteParser}-内容查询语句为：div[class=article-content][fontSizeBig]
2015-12-16 10:18:29,197  INFO{main:com.sh.srv.NewWebSiteParser}-内容查询语句为：p[class=describe]
2015-12-16 10:18:29,197  INFO{main:com.sh.srv.NewWebSiteParser}-内容查询语句为：div[class=article-content][fontSizeBig]
2015-12-16 10:18:29,293  INFO{main:com.sh.srv.NewWebSiteParser}-内容查询语句为：p[class=describe]
2015-12-16 10:18:29,309  INFO{main:com.sh.srv.NewWebSiteParser}-内容查询语句为：div[class=article-content][fontSizeBig]
2015-12-16 10:18:29,388  INFO{main:com.sh.srv.NewWebSiteParser}-内容查询语句为：p[class=describe]
2015-12-16 10:18:29,389  INFO{main:com.sh.srv.NewWebSiteParser}-内容查询语句为：div[class=article-content][fontSizeBig]
2015-12-16 10:18:29,454  INFO{main:com.sh.srv.NewWebSiteParser}-内容查询语句为：p[class=describe]
2015-12-16 10:18:29,454  INFO{main:com.sh.srv.NewWebSiteParser}-内容查询语句为：div[class=article-content][fontSizeBig]
2015-12-16 10:18:29,521  INFO{main:com.sh.srv.NewWebSiteParser}-内容查询语句为：p[class=describe]
2015-12-16 10:18:29,521  INFO{main:com.sh.srv.NewWebSiteParser}-内容查询语句为：div[class=article-content][fontSizeBig]
2015-12-16 10:18:29,629  INFO{main:com.sh.srv.NewWebSiteParser}-内容查询语句为：p[class=describe]
2015-12-16 10:18:29,630  INFO{main:com.sh.srv.NewWebSiteParser}-内容查询语句为：div[class=article-content][fontSizeBig]
2015-12-16 10:18:29,705  INFO{main:com.sh.srv.NewWebSiteParser}-内容查询语句为：p[class=describe]
2015-12-16 10:18:29,705  INFO{main:com.sh.srv.NewWebSiteParser}-内容查询语句为：div[class=article-content][fontSizeBig]
2015-12-16 10:18:29,777  INFO{main:com.sh.srv.NewWebSiteParser}-内容查询语句为：p[class=describe]
2015-12-16 10:18:29,777  INFO{main:com.sh.srv.NewWebSiteParser}-内容查询语句为：div[class=article-content][fontSizeBig]
2015-12-16 10:18:29,868  INFO{main:com.sh.srv.NewWebSiteParser}-内容查询语句为：p[class=describe]
2015-12-16 10:18:29,869  INFO{main:com.sh.srv.NewWebSiteParser}-内容查询语句为：div[class=article-content][fontSizeBig]
2015-12-16 10:18:29,946  INFO{main:com.sh.srv.NewWebSiteParser}-内容查询语句为：p[class=describe]
2015-12-16 10:18:29,948  INFO{main:com.sh.srv.NewWebSiteParser}-内容查询语句为：div[class=article-content][fontSizeBig]
2015-12-16 10:18:30,024  INFO{main:com.sh.srv.NewWebSiteParser}-内容查询语句为：p[class=describe]
2015-12-16 10:18:30,024  INFO{main:com.sh.srv.NewWebSiteParser}-内容查询语句为：div[class=article-content][fontSizeBig]
2015-12-16 10:18:30,096  INFO{main:com.sh.srv.NewWebSiteParser}-内容查询语句为：p[class=describe]
2015-12-16 10:18:30,096  INFO{main:com.sh.srv.NewWebSiteParser}-内容查询语句为：div[class=article-content][fontSizeBig]
2015-12-16 10:18:30,176  INFO{main:com.sh.srv.NewWebSiteParser}-内容查询语句为：p[class=describe]
2015-12-16 10:18:30,176  INFO{main:com.sh.srv.NewWebSiteParser}-内容查询语句为：div[class=article-content][fontSizeBig]
2015-12-16 10:18:30,255  INFO{main:com.sh.srv.NewWebSiteParser}-内容查询语句为：p[class=describe]
2015-12-16 10:18:30,256  INFO{main:com.sh.srv.NewWebSiteParser}-内容查询语句为：div[class=article-content][fontSizeBig]
2015-12-16 10:18:30,335  INFO{main:com.sh.srv.NewWebSiteParser}-内容查询语句为：p[class=describe]
2015-12-16 10:18:30,335  INFO{main:com.sh.srv.NewWebSiteParser}-内容查询语句为：div[class=article-content][fontSizeBig]
2015-12-16 10:18:30,413  INFO{main:com.sh.srv.NewWebSiteParser}-内容查询语句为：p[class=describe]
2015-12-16 10:18:30,413  INFO{main:com.sh.srv.NewWebSiteParser}-内容查询语句为：div[class=article-content][fontSizeBig]
2015-12-16 10:18:30,506  INFO{main:com.sh.srv.NewWebSiteParser}-内容查询语句为：p[class=describe]
2015-12-16 10:18:30,507  INFO{main:com.sh.srv.NewWebSiteParser}-内容查询语句为：div[class=article-content][fontSizeBig]
2015-12-16 10:18:30,586  INFO{main:com.sh.srv.NewWebSiteParser}-内容查询语句为：p[class=describe]
2015-12-16 10:18:30,587  INFO{main:com.sh.srv.NewWebSiteParser}-内容查询语句为：div[class=article-content][fontSizeBig]
2015-12-16 10:18:30,665  INFO{main:com.sh.srv.NewWebSiteParser}-内容查询语句为：p[class=describe]
2015-12-16 10:18:30,666  INFO{main:com.sh.srv.NewWebSiteParser}-内容查询语句为：div[class=article-content][fontSizeBig]
2015-12-16 10:18:30,746  INFO{main:com.sh.srv.NewWebSiteParser}-内容查询语句为：p[class=describe]
2015-12-16 10:18:30,747  INFO{main:com.sh.srv.NewWebSiteParser}-内容查询语句为：div[class=article-content][fontSizeBig]
2015-12-16 10:18:30,750  INFO{main:com.sh.srv.NewWebSiteParser}-更新webRecords
2015-12-16 10:18:30,800 ERROR{main:com.sh.srv.NewWebSiteParser}-更新webRecordStatus出错!
org.apache.ibatis.exceptions.PersistenceException: 
### Error updating database.  Cause: com.mysql.jdbc.exceptions.jdbc4.MySQLSyntaxErrorException: Unknown column 'id' in 'where clause'
### The error may involve com.sh.mapper.WebRecordMapper.updateWebRecordList-Inline
### The error occurred while setting parameters
### SQL: update t_web_record set status = 1 where id in    (      ?    ,     ?    ,     ?    ,     ?    ,     ?    ,     ?    ,     ?    ,     ?    ,     ?    ,     ?    ,     ?    ,     ?    ,     ?    ,     ?    ,     ?    ,     ?    ,     ?    ,     ?    ,     ?    ,     ?    ,     ?    ,     ?    ,     ?    ,     ?    ,     ?    ,     ?    ,     ?    ,     ?    ,     ?    ,     ?    ,     ?    ,     ?    )
### Cause: com.mysql.jdbc.exceptions.jdbc4.MySQLSyntaxErrorException: Unknown column 'id' in 'where clause'
	at org.apache.ibatis.exceptions.ExceptionFactory.wrapException(ExceptionFactory.java:26)
	at org.apache.ibatis.session.defaults.DefaultSqlSession.update(DefaultSqlSession.java:154)
	at org.apache.ibatis.binding.MapperMethod.execute(MapperMethod.java:54)
	at org.apache.ibatis.binding.MapperProxy.invoke(MapperProxy.java:52)
	at com.sun.proxy.$Proxy0.updateWebRecordList(Unknown Source)
	at com.sh.srv.WebRecordDetailParser.updateWebRecordListStatus(WebRecordDetailParser.java:82)
	at com.sh.srv.WebRecordDetailParser.parserWebRecordDetail(WebRecordDetailParser.java:71)
	at com.sh.srv.WebRecordDetailParser.main(WebRecordDetailParser.java:162)
Caused by: com.mysql.jdbc.exceptions.jdbc4.MySQLSyntaxErrorException: Unknown column 'id' in 'where clause'
	at sun.reflect.NativeConstructorAccessorImpl.newInstance0(Native Method)
	at sun.reflect.NativeConstructorAccessorImpl.newInstance(NativeConstructorAccessorImpl.java:62)
	at sun.reflect.DelegatingConstructorAccessorImpl.newInstance(DelegatingConstructorAccessorImpl.java:45)
	at java.lang.reflect.Constructor.newInstance(Constructor.java:422)
	at com.mysql.jdbc.Util.handleNewInstance(Util.java:389)
	at com.mysql.jdbc.Util.getInstance(Util.java:372)
	at com.mysql.jdbc.SQLError.createSQLException(SQLError.java:980)
	at com.mysql.jdbc.MysqlIO.checkErrorPacket(MysqlIO.java:3835)
	at com.mysql.jdbc.MysqlIO.checkErrorPacket(MysqlIO.java:3771)
	at com.mysql.jdbc.MysqlIO.sendCommand(MysqlIO.java:2435)
	at com.mysql.jdbc.MysqlIO.sqlQueryDirect(MysqlIO.java:2582)
	at com.mysql.jdbc.ConnectionImpl.execSQL(ConnectionImpl.java:2535)
	at com.mysql.jdbc.PreparedStatement.executeInternal(PreparedStatement.java:1911)
	at com.mysql.jdbc.PreparedStatement.execute(PreparedStatement.java:1203)
	at org.apache.ibatis.executor.statement.PreparedStatementHandler.update(PreparedStatementHandler.java:44)
	at org.apache.ibatis.executor.statement.RoutingStatementHandler.update(RoutingStatementHandler.java:69)
	at org.apache.ibatis.executor.SimpleExecutor.doUpdate(SimpleExecutor.java:48)
	at org.apache.ibatis.executor.BaseExecutor.update(BaseExecutor.java:105)
	at org.apache.ibatis.executor.CachingExecutor.update(CachingExecutor.java:71)
	at org.apache.ibatis.session.defaults.DefaultSqlSession.update(DefaultSqlSession.java:152)
	... 6 more
2015-12-16 11:12:08,165  INFO{main:com.sh.srv.NewWebSiteParser}-共需要爬取：32条记录！！
2015-12-16 11:12:08,415  INFO{main:com.sh.srv.NewWebSiteParser}-内容查询语句为：p[class=describe]
2015-12-16 11:12:08,422  INFO{main:com.sh.srv.NewWebSiteParser}-内容查询语句为：div[class=article-content fontSizeBig]
2015-12-16 11:12:08,508  INFO{main:com.sh.srv.NewWebSiteParser}-内容查询语句为：p[class=describe]
2015-12-16 11:12:08,510  INFO{main:com.sh.srv.NewWebSiteParser}-内容查询语句为：div[class=article-content fontSizeBig]
2015-12-16 11:12:08,599  INFO{main:com.sh.srv.NewWebSiteParser}-内容查询语句为：p[class=describe]
2015-12-16 11:12:08,600  INFO{main:com.sh.srv.NewWebSiteParser}-内容查询语句为：div[class=article-content fontSizeBig]
2015-12-16 11:12:08,693  INFO{main:com.sh.srv.NewWebSiteParser}-内容查询语句为：p[class=describe]
2015-12-16 11:12:08,693  INFO{main:com.sh.srv.NewWebSiteParser}-内容查询语句为：div[class=article-content fontSizeBig]
2015-12-16 11:12:08,799  INFO{main:com.sh.srv.NewWebSiteParser}-内容查询语句为：p[class=describe]
2015-12-16 11:12:08,800  INFO{main:com.sh.srv.NewWebSiteParser}-内容查询语句为：div[class=article-content fontSizeBig]
2015-12-16 11:12:08,897  INFO{main:com.sh.srv.NewWebSiteParser}-内容查询语句为：p[class=describe]
2015-12-16 11:12:08,898  INFO{main:com.sh.srv.NewWebSiteParser}-内容查询语句为：div[class=article-content fontSizeBig]
2015-12-16 11:12:08,981  INFO{main:com.sh.srv.NewWebSiteParser}-内容查询语句为：p[class=describe]
2015-12-16 11:12:08,981  INFO{main:com.sh.srv.NewWebSiteParser}-内容查询语句为：div[class=article-content fontSizeBig]
2015-12-16 11:12:09,063  INFO{main:com.sh.srv.NewWebSiteParser}-内容查询语句为：p[class=describe]
2015-12-16 11:12:09,063  INFO{main:com.sh.srv.NewWebSiteParser}-内容查询语句为：div[class=article-content fontSizeBig]
2015-12-16 11:12:09,142  INFO{main:com.sh.srv.NewWebSiteParser}-内容查询语句为：p[class=describe]
2015-12-16 11:12:09,143  INFO{main:com.sh.srv.NewWebSiteParser}-内容查询语句为：div[class=article-content fontSizeBig]
2015-12-16 11:12:09,233  INFO{main:com.sh.srv.NewWebSiteParser}-内容查询语句为：p[class=describe]
2015-12-16 11:12:09,233  INFO{main:com.sh.srv.NewWebSiteParser}-内容查询语句为：div[class=article-content fontSizeBig]
2015-12-16 11:12:09,341  INFO{main:com.sh.srv.NewWebSiteParser}-内容查询语句为：p[class=describe]
2015-12-16 11:12:09,341  INFO{main:com.sh.srv.NewWebSiteParser}-内容查询语句为：div[class=article-content fontSizeBig]
2015-12-16 11:12:09,451  INFO{main:com.sh.srv.NewWebSiteParser}-内容查询语句为：p[class=describe]
2015-12-16 11:12:09,452  INFO{main:com.sh.srv.NewWebSiteParser}-内容查询语句为：div[class=article-content fontSizeBig]
2015-12-16 11:12:09,558  INFO{main:com.sh.srv.NewWebSiteParser}-内容查询语句为：p[class=describe]
2015-12-16 11:12:09,559  INFO{main:com.sh.srv.NewWebSiteParser}-内容查询语句为：div[class=article-content fontSizeBig]
2015-12-16 11:12:09,658  INFO{main:com.sh.srv.NewWebSiteParser}-内容查询语句为：p[class=describe]
2015-12-16 11:12:09,659  INFO{main:com.sh.srv.NewWebSiteParser}-内容查询语句为：div[class=article-content fontSizeBig]
2015-12-16 11:12:09,748  INFO{main:com.sh.srv.NewWebSiteParser}-内容查询语句为：p[class=describe]
2015-12-16 11:12:09,750  INFO{main:com.sh.srv.NewWebSiteParser}-内容查询语句为：div[class=article-content fontSizeBig]
2015-12-16 11:12:09,831  INFO{main:com.sh.srv.NewWebSiteParser}-内容查询语句为：p[class=describe]
2015-12-16 11:12:09,832  INFO{main:com.sh.srv.NewWebSiteParser}-内容查询语句为：div[class=article-content fontSizeBig]
2015-12-16 11:12:09,913  INFO{main:com.sh.srv.NewWebSiteParser}-内容查询语句为：p[class=describe]
2015-12-16 11:12:09,913  INFO{main:com.sh.srv.NewWebSiteParser}-内容查询语句为：div[class=article-content fontSizeBig]
2015-12-16 11:12:10,008  INFO{main:com.sh.srv.NewWebSiteParser}-内容查询语句为：p[class=describe]
2015-12-16 11:12:10,008  INFO{main:com.sh.srv.NewWebSiteParser}-内容查询语句为：div[class=article-content fontSizeBig]
2015-12-16 11:12:10,106  INFO{main:com.sh.srv.NewWebSiteParser}-内容查询语句为：p[class=describe]
2015-12-16 11:12:10,107  INFO{main:com.sh.srv.NewWebSiteParser}-内容查询语句为：div[class=article-content fontSizeBig]
2015-12-16 11:12:10,195  INFO{main:com.sh.srv.NewWebSiteParser}-内容查询语句为：p[class=describe]
2015-12-16 11:12:10,196  INFO{main:com.sh.srv.NewWebSiteParser}-内容查询语句为：div[class=article-content fontSizeBig]
2015-12-16 11:12:10,292  INFO{main:com.sh.srv.NewWebSiteParser}-内容查询语句为：p[class=describe]
2015-12-16 11:12:10,292  INFO{main:com.sh.srv.NewWebSiteParser}-内容查询语句为：div[class=article-content fontSizeBig]
2015-12-16 11:12:10,393  INFO{main:com.sh.srv.NewWebSiteParser}-内容查询语句为：p[class=describe]
2015-12-16 11:12:10,393  INFO{main:com.sh.srv.NewWebSiteParser}-内容查询语句为：div[class=article-content fontSizeBig]
2015-12-16 11:12:10,493  INFO{main:com.sh.srv.NewWebSiteParser}-内容查询语句为：p[class=describe]
2015-12-16 11:12:10,493  INFO{main:com.sh.srv.NewWebSiteParser}-内容查询语句为：div[class=article-content fontSizeBig]
2015-12-16 11:12:10,591  INFO{main:com.sh.srv.NewWebSiteParser}-内容查询语句为：p[class=describe]
2015-12-16 11:12:10,592  INFO{main:com.sh.srv.NewWebSiteParser}-内容查询语句为：div[class=article-content fontSizeBig]
2015-12-16 11:12:10,678  INFO{main:com.sh.srv.NewWebSiteParser}-内容查询语句为：p[class=describe]
2015-12-16 11:12:10,679  INFO{main:com.sh.srv.NewWebSiteParser}-内容查询语句为：div[class=article-content fontSizeBig]
2015-12-16 11:12:10,764  INFO{main:com.sh.srv.NewWebSiteParser}-内容查询语句为：p[class=describe]
2015-12-16 11:12:10,765  INFO{main:com.sh.srv.NewWebSiteParser}-内容查询语句为：div[class=article-content fontSizeBig]
2015-12-16 11:12:10,848  INFO{main:com.sh.srv.NewWebSiteParser}-内容查询语句为：p[class=describe]
2015-12-16 11:12:10,848  INFO{main:com.sh.srv.NewWebSiteParser}-内容查询语句为：div[class=article-content fontSizeBig]
2015-12-16 11:12:10,927  INFO{main:com.sh.srv.NewWebSiteParser}-内容查询语句为：p[class=describe]
2015-12-16 11:12:10,927  INFO{main:com.sh.srv.NewWebSiteParser}-内容查询语句为：div[class=article-content fontSizeBig]
2015-12-16 11:12:11,025  INFO{main:com.sh.srv.NewWebSiteParser}-内容查询语句为：p[class=describe]
2015-12-16 11:12:11,025  INFO{main:com.sh.srv.NewWebSiteParser}-内容查询语句为：div[class=article-content fontSizeBig]
2015-12-16 11:12:11,109  INFO{main:com.sh.srv.NewWebSiteParser}-内容查询语句为：p[class=describe]
2015-12-16 11:12:11,109  INFO{main:com.sh.srv.NewWebSiteParser}-内容查询语句为：div[class=article-content fontSizeBig]
2015-12-16 11:12:11,192  INFO{main:com.sh.srv.NewWebSiteParser}-内容查询语句为：p[class=describe]
2015-12-16 11:12:11,192  INFO{main:com.sh.srv.NewWebSiteParser}-内容查询语句为：div[class=article-content fontSizeBig]
2015-12-16 11:12:11,284  INFO{main:com.sh.srv.NewWebSiteParser}-内容查询语句为：p[class=describe]
2015-12-16 11:12:11,285  INFO{main:com.sh.srv.NewWebSiteParser}-内容查询语句为：div[class=article-content fontSizeBig]
2015-12-16 11:12:11,289  INFO{main:com.sh.srv.NewWebSiteParser}-更新webRecords
2015-12-16 11:12:11,347  INFO{main:com.sh.srv.NewWebSiteParser}-更新webRecords完毕
